4674  execve("/usr/bin/lftp", ["/usr/bin/lftp", "-u", "ftp://ftp.cisco.com"], [/* 73 vars */]) = 0
4674  access("/etc/ld.so.nohwcap", F_OK) = -1 ENOENT (No such file or directory)
4674  access("/etc/ld.so.preload", R_OK) = -1 ENOENT (No such file or directory)
4674  open("/etc/ld.so.cache", O_RDONLY|O_CLOEXEC) = 3
4674  access("/etc/ld.so.nohwcap", F_OK) = -1 ENOENT (No such file or directory)
4674  open("/lib/i386-linux-gnu/libz.so.1", O_RDONLY|O_CLOEXEC) = 3
4674  access("/etc/ld.so.nohwcap", F_OK) = -1 ENOENT (No such file or directory)
4674  open("/usr/lib/i386-linux-gnu/libgnutls.so.26", O_RDONLY|O_CLOEXEC) = 3
4674  access("/etc/ld.so.nohwcap", F_OK) = -1 ENOENT (No such file or directory)
4674  open("/lib/i386-linux-gnu/libreadline.so.6", O_RDONLY|O_CLOEXEC) = 3
4674  access("/etc/ld.so.nohwcap", F_OK) = -1 ENOENT (No such file or directory)
4674  open("/lib/i386-linux-gnu/libutil.so.1", O_RDONLY|O_CLOEXEC) = 3
4674  access("/etc/ld.so.nohwcap", F_OK) = -1 ENOENT (No such file or directory)
4674  open("/lib/i386-linux-gnu/libtinfo.so.5", O_RDONLY|O_CLOEXEC) = 3
4674  access("/etc/ld.so.nohwcap", F_OK) = -1 ENOENT (No such file or directory)
4674  open("/lib/i386-linux-gnu/libresolv.so.2", O_RDONLY|O_CLOEXEC) = 3
4674  access("/etc/ld.so.nohwcap", F_OK) = -1 ENOENT (No such file or directory)
4674  open("/lib/i386-linux-gnu/libdl.so.2", O_RDONLY|O_CLOEXEC) = 3
4674  access("/etc/ld.so.nohwcap", F_OK) = -1 ENOENT (No such file or directory)
4674  open("/lib/i386-linux-gnu/libgcc_s.so.1", O_RDONLY|O_CLOEXEC) = 3
4674  access("/etc/ld.so.nohwcap", F_OK) = -1 ENOENT (No such file or directory)
4674  open("/lib/i386-linux-gnu/libc.so.6", O_RDONLY|O_CLOEXEC) = 3
4674  access("/etc/ld.so.nohwcap", F_OK) = -1 ENOENT (No such file or directory)
4674  open("/lib/i386-linux-gnu/libgcrypt.so.11", O_RDONLY|O_CLOEXEC) = 3
4674  access("/etc/ld.so.nohwcap", F_OK) = -1 ENOENT (No such file or directory)
4674  open("/lib/i386-linux-gnu/libpthread.so.0", O_RDONLY|O_CLOEXEC) = 3
4674  access("/etc/ld.so.nohwcap", F_OK) = -1 ENOENT (No such file or directory)
4674  open("/usr/lib/i386-linux-gnu/libtasn1.so.6", O_RDONLY|O_CLOEXEC) = 3
4674  access("/etc/ld.so.nohwcap", F_OK) = -1 ENOENT (No such file or directory)
4674  open("/usr/lib/i386-linux-gnu/libp11-kit.so.0", O_RDONLY|O_CLOEXEC) = 3
4674  access("/etc/ld.so.nohwcap", F_OK) = -1 ENOENT (No such file or directory)
4674  open("/lib/i386-linux-gnu/libgpg-error.so.0", O_RDONLY|O_CLOEXEC) = 3
4674  access("/etc/ld.so.nohwcap", F_OK) = -1 ENOENT (No such file or directory)
4674  open("/usr/lib/i386-linux-gnu/libffi.so.6", O_RDONLY|O_CLOEXEC) = 3
4674  open("/usr/lib/locale/locale-archive", O_RDONLY|O_LARGEFILE|O_CLOEXEC) = 3
4674  open("/usr/lib/i386-linux-gnu/gconv/gconv-modules.cache", O_RDONLY) = 3
4674  open("/usr/share/locale/locale.alias", O_RDONLY|O_CLOEXEC) = 3
4674  open("/usr/share/locale/ru/LC_MESSAGES/lftp.mo", O_RDONLY) = -1 ENOENT (No such file or directory)
4674  open("/usr/share/locale-langpack/ru/LC_MESSAGES/lftp.mo", O_RDONLY) = 3
4674  open("/usr/lib/charset.alias", O_RDONLY|O_LARGEFILE|O_NOFOLLOW) = -1 ENOENT (No such file or directory)
4674  access("/usr/share/lftp/verify-file", X_OK) = 0
4674  open(".", O_RDONLY|O_LARGEFILE|O_DIRECTORY) = 3
4674  access("/etc/terminfo/x/xterm", R_OK) = -1 ENOENT (No such file or directory)
4674  access("/lib/terminfo/x/xterm", R_OK) = 0
4674  open("/lib/terminfo/x/xterm", O_RDONLY|O_LARGEFILE) = 4
4674  access("/etc/lftp.conf", R_OK)    = 0
4674  access("/home/makmis/.lftprc", R_OK) = -1 ENOENT (No such file or directory)
4674  access("/home/makmis/.config/lftp/rc", R_OK) = -1 ENOENT (No such file or directory)
4674  open("/etc/lftp.conf", O_RDONLY|O_NONBLOCK|O_LARGEFILE) = 4
4674  open("/home/makmis/.local/share/lftp/rl_history", O_RDONLY|O_LARGEFILE) = 4
4674  open("/etc/inputrc", O_RDONLY|O_LARGEFILE) = 4
4680  open("/etc/nsswitch.conf", O_RDONLY|O_CLOEXEC) = 0
4680  open("/etc/host.conf", O_RDONLY|O_CLOEXEC) = 0
4680  open("/etc/resolv.conf", O_RDONLY|O_CLOEXEC) = 0
4680  open("/etc/ld.so.cache", O_RDONLY|O_CLOEXEC) = 0
4680  access("/etc/ld.so.nohwcap", F_OK) = -1 ENOENT (No such file or directory)
4680  open("/lib/i386-linux-gnu/libnss_files.so.2", O_RDONLY|O_CLOEXEC) = 0
4680  open("/etc/hosts", O_RDONLY|O_CLOEXEC) = 0
4680  open("/etc/ld.so.cache", O_RDONLY|O_CLOEXEC) = 0
4680  access("/etc/ld.so.nohwcap", F_OK) = -1 ENOENT (No such file or directory)
4680  open("/lib/i386-linux-gnu/libnss_mdns4_minimal.so.2", O_RDONLY|O_CLOEXEC) = 0
4680  open("/etc/ld.so.cache", O_RDONLY|O_CLOEXEC) = 0
4680  access("/etc/ld.so.nohwcap", F_OK) = -1 ENOENT (No such file or directory)
4680  open("/lib/i386-linux-gnu/libnss_dns.so.2", O_RDONLY|O_CLOEXEC) = 0
4680  open("/etc/resolv.conf", O_RDONLY|O_CLOEXEC) = 0
4680  open("/etc/gai.conf", O_RDONLY|O_CLOEXEC) = 0
4680  +++ exited with 0 +++
4674  --- SIGCHLD {si_signo=SIGCHLD, si_code=CLD_EXITED, si_pid=4680, si_status=0, si_utime=0, si_stime=0} ---
4674  open("/usr/share/locale/ru/LC_MESSAGES/libc.mo", O_RDONLY) = -1 ENOENT (No such file or directory)
4674  open("/usr/share/locale-langpack/ru/LC_MESSAGES/libc.mo", O_RDONLY) = 5
4674  open("/etc/localtime", O_RDONLY|O_CLOEXEC) = 5
4674  open("/home/makmis/README-MIB.txt", O_WRONLY|O_CREAT|O_EXCL|O_TRUNC|O_NONBLOCK|O_LARGEFILE, 0664) = 6
4674  open("/home/makmis/.local/share/lftp/transfer_log", O_WRONLY|O_CREAT|O_APPEND|O_LARGEFILE, 0600) = 5
4674  open("/usr/share/locale/en/LC_MESSAGES/lftp.mo", O_RDONLY) = -1 ENOENT (No such file or directory)
4674  open("/usr/share/locale-langpack/en/LC_MESSAGES/lftp.mo", O_RDONLY) = -1 ENOENT (No such file or directory)
4674  open("/home/makmis/.local/share/lftp/cwd_history", O_RDWR|O_CREAT|O_LARGEFILE, 0600) = 6
4674  open("/home/makmis/.local/share/lftp/cwd_history", O_WRONLY|O_TRUNC|O_LARGEFILE) = 7
4674  open("/home/makmis/.local/share/lftp/rl_history", O_WRONLY|O_CREAT|O_TRUNC|O_LARGEFILE, 0600) = 6
4674  +++ exited with 0 +++
