4674  +++ exited with 0 +++
4674  --- SIGCHLD {si_signo
4680  +++ exited with 0 +++
"/etc/gai.conf", O_RDONLY|O_CLOEXEC) 
"/etc/host.conf", O_RDONLY|O_CLOEXEC) 
"/etc/hosts", O_RDONLY|O_CLOEXEC) 
"/etc/inputrc", O_RDONLY|O_LARGEFILE) 
"/etc/ld.so.cache", O_RDONLY|O_CLOEXEC) 
"/etc/ld.so.nohwcap", F_OK) 
"/etc/ld.so.preload", R_OK) 
"/etc/lftp.conf", O_RDONLY|O_NONBLOCK|O_LARGEFILE) 
"/etc/lftp.conf", R_OK)    
"/etc/localtime", O_RDONLY|O_CLOEXEC) 
"/etc/nsswitch.conf", O_RDONLY|O_CLOEXEC) 
"/etc/resolv.conf", O_RDONLY|O_CLOEXEC) 
"/etc/terminfo/x/xterm", R_OK) 
"/home/makmis/.config/lftp/rc", R_OK) 
"/home/makmis/.lftprc", R_OK) 
"/home/makmis/.local/share/lftp/cwd_history", O_RDWR|O_CREAT|O_LARGEFILE, 0600) 
"/home/makmis/.local/share/lftp/cwd_history", O_WRONLY|O_TRUNC|O_LARGEFILE) 
"/home/makmis/.local/share/lftp/rl_history", O_RDONLY|O_LARGEFILE) 
"/home/makmis/.local/share/lftp/rl_history", O_WRONLY|O_CREAT|O_TRUNC|O_LARGEFILE, 0600) 
"/home/makmis/.local/share/lftp/transfer_log", O_WRONLY|O_CREAT|O_APPEND|O_LARGEFILE, 0600) 
"/home/makmis/README-MIB.txt", O_WRONLY|O_CREAT|O_EXCL|O_TRUNC|O_NONBLOCK|O_LARGEFILE, 0664) 
"/lib/i386-linux-gnu/libc.so.6", O_RDONLY|O_CLOEXEC) 
"/lib/i386-linux-gnu/libdl.so.2", O_RDONLY|O_CLOEXEC) 
"/lib/i386-linux-gnu/libgcc_s.so.1", O_RDONLY|O_CLOEXEC) 
"/lib/i386-linux-gnu/libgcrypt.so.11", O_RDONLY|O_CLOEXEC) 
"/lib/i386-linux-gnu/libgpg-error.so.0", O_RDONLY|O_CLOEXEC) 
"/lib/i386-linux-gnu/libnss_dns.so.2", O_RDONLY|O_CLOEXEC) 
"/lib/i386-linux-gnu/libnss_files.so.2", O_RDONLY|O_CLOEXEC) 
"/lib/i386-linux-gnu/libnss_mdns4_minimal.so.2", O_RDONLY|O_CLOEXEC) 
"/lib/i386-linux-gnu/libpthread.so.0", O_RDONLY|O_CLOEXEC) 
"/lib/i386-linux-gnu/libreadline.so.6", O_RDONLY|O_CLOEXEC) 
"/lib/i386-linux-gnu/libresolv.so.2", O_RDONLY|O_CLOEXEC) 
"/lib/i386-linux-gnu/libtinfo.so.5", O_RDONLY|O_CLOEXEC) 
"/lib/i386-linux-gnu/libutil.so.1", O_RDONLY|O_CLOEXEC) 
"/lib/i386-linux-gnu/libz.so.1", O_RDONLY|O_CLOEXEC) 
"/lib/terminfo/x/xterm", O_RDONLY|O_LARGEFILE) 
"/lib/terminfo/x/xterm", R_OK) 
".", O_RDONLY|O_LARGEFILE|O_DIRECTORY) 
"/usr/bin/lftp", ["/usr/bin/lftp", "-u", "ftp://ftp.cisco.com"], [/* 73 vars */]) 
"/usr/lib/charset.alias", O_RDONLY|O_LARGEFILE|O_NOFOLLOW) 
"/usr/lib/i386-linux-gnu/gconv/gconv-modules.cache", O_RDONLY) 
"/usr/lib/i386-linux-gnu/libffi.so.6", O_RDONLY|O_CLOEXEC) 
"/usr/lib/i386-linux-gnu/libgnutls.so.26", O_RDONLY|O_CLOEXEC) 
"/usr/lib/i386-linux-gnu/libp11-kit.so.0", O_RDONLY|O_CLOEXEC) 
"/usr/lib/i386-linux-gnu/libtasn1.so.6", O_RDONLY|O_CLOEXEC) 
"/usr/lib/locale/locale-archive", O_RDONLY|O_LARGEFILE|O_CLOEXEC) 
"/usr/share/lftp/verify-file", X_OK) 
"/usr/share/locale/en/LC_MESSAGES/lftp.mo", O_RDONLY) 
"/usr/share/locale-langpack/en/LC_MESSAGES/lftp.mo", O_RDONLY) 
"/usr/share/locale-langpack/ru/LC_MESSAGES/lftp.mo", O_RDONLY) 
"/usr/share/locale-langpack/ru/LC_MESSAGES/libc.mo", O_RDONLY) 
"/usr/share/locale/locale.alias", O_RDONLY|O_CLOEXEC) 
"/usr/share/locale/ru/LC_MESSAGES/lftp.mo", O_RDONLY) 
"/usr/share/locale/ru/LC_MESSAGES/libc.mo", O_RDONLY) 
